[2023-05-04T23:59:23.978] [ERROR] cheese - ReferenceError: data is not defined
    at E:\web\09.2011期nodejs-故渊老师\练习\项目架构搭建\projects\controllers\indexContro.js:12:17
    at dispatch (E:\web\09.2011期nodejs-故渊老师\练习\项目架构搭建\projects\node_modules\_koa-simple-router@0.2.0@koa-simple-router\index.js:186:18)
    at Router._lookup (E:\web\09.2011期nodejs-故渊老师\练习\项目架构搭建\projects\node_modules\_koa-simple-router@0.2.0@koa-simple-router\index.js:198:12)
    at E:\web\09.2011期nodejs-故渊老师\练习\项目架构搭建\projects\node_modules\_koa-simple-router@0.2.0@koa-simple-router\index.js:138:21
    at dispatch (E:\web\09.2011期nodejs-故渊老师\练习\项目架构搭建\projects\node_modules\_koa-compose@4.1.0@koa-compose\index.js:42:32)
    at serve (E:\web\09.2011期nodejs-故渊老师\练习\项目架构搭建\projects\node_modules\_koa-static@5.0.0@koa-static\index.js:53:15)
    at async E:\web\09.2011期nodejs-故渊老师\练习\项目架构搭建\projects\middlewares\index.js:14:17
    at async E:\web\09.2011期nodejs-故渊老师\练习\项目架构搭建\projects\middlewares\index.js:4:13
[2023-05-05T01:46:47.776] [ERROR] cheese - ReferenceError: data is not defined
    at E:\web\09.2011期nodejs-故渊老师\练习\图书管理案例\projects\controllers\indexContro.js:27:17
    at dispatch (E:\web\09.2011期nodejs-故渊老师\练习\图书管理案例\projects\node_modules\_koa-simple-router@0.2.0@koa-simple-router\index.js:186:18)
    at Router._lookup (E:\web\09.2011期nodejs-故渊老师\练习\图书管理案例\projects\node_modules\_koa-simple-router@0.2.0@koa-simple-router\index.js:198:12)
    at E:\web\09.2011期nodejs-故渊老师\练习\图书管理案例\projects\node_modules\_koa-simple-router@0.2.0@koa-simple-router\index.js:138:21
    at dispatch (E:\web\09.2011期nodejs-故渊老师\练习\图书管理案例\projects\node_modules\_koa-compose@4.1.0@koa-compose\index.js:42:32)
    at serve (E:\web\09.2011期nodejs-故渊老师\练习\图书管理案例\projects\node_modules\_koa-static@5.0.0@koa-static\index.js:53:15)
    at async E:\web\09.2011期nodejs-故渊老师\练习\图书管理案例\projects\middlewares\index.js:14:17
    at async E:\web\09.2011期nodejs-故渊老师\练习\图书管理案例\projects\middlewares\index.js:4:13
[2023-05-05T02:11:08.469] [ERROR] cheese - [Error [TemplateError]: E:\web\09.2011期nodejs-故渊老师\练习\图书管理案例\projects\views\index.html:11:5
    9| 
    10| {{block 'content'}}
 >> 11| <h1>{{data.msg}}</h1>
    12| 
    13| <hr>
    14| <div id="app">

RuntimeError: Cannot read properties of undefined (reading 'msg')]
[2023-05-05T02:11:19.634] [ERROR] cheese - [Error [TemplateError]: E:\web\09.2011期nodejs-故渊老师\练习\图书管理案例\projects\views\index.html:11:5
    9| 
    10| {{block 'content'}}
 >> 11| <h1>{{data.msg}}</h1>
    12| 
    13| <hr>
    14| <div id="app">

RuntimeError: Cannot read properties of undefined (reading 'msg')]
[2023-05-05T02:11:30.166] [ERROR] cheese - [Error [TemplateError]: E:\web\09.2011期nodejs-故渊老师\练习\图书管理案例\projects\views\index.html:11:5
    9| 
    10| {{block 'content'}}
 >> 11| <h1>{{data.msg}}</h1>
    12| 
    13| <hr>
    14| <div id="app">

RuntimeError: Cannot read properties of undefined (reading 'msg')]
[2023-05-05T02:15:17.305] [ERROR] cheese - [Error [TemplateError]: E:\web\09.2011期nodejs-故渊老师\练习\图书管理案例\projects\views\index.html:11:5
    9| 
    10| {{block 'content'}}
 >> 11| <h1>{{data.msg}}</h1>
    12| 
    13| <hr>
    14| <div id="app">

RuntimeError: Cannot read properties of undefined (reading 'msg')]
[2023-05-05T02:15:38.256] [ERROR] cheese - [Error [TemplateError]: E:\web\09.2011期nodejs-故渊老师\练习\图书管理案例\projects\views\index.html:11:5
    9| 
    10| {{block 'content'}}
 >> 11| <h1>{{data.msg}}</h1>
    12| 
    13| <hr>
    14| <div id="app">

RuntimeError: Cannot read properties of undefined (reading 'msg')]
[2023-05-05T11:17:17.978] [ERROR] cheese - [Error [TemplateError]: E:\web\09.2011期nodejs-故渊老师\练习\图书管理案例\projects\views\editpage.html:16:56
    14|     <form action="/edit" method="post">
    15|         <h5>书名：</h5>
 >> 16|         <input class="form-control" type="text" value="{{data.name}}" name="name">
    17|         <h5>作者：</h5>
    18|         <input class="form-control" type="text" value="{{data.author}}" name="author">
    19|         <h5>分类：</h5>

RuntimeError: Cannot read properties of undefined (reading 'name')]
[2023-05-05T11:22:51.134] [ERROR] cheese - [Error [TemplateError]: E:\web\09.2011期nodejs-故渊老师\练习\图书管理案例\projects\views\editpage.html:15:58
    13| 
    14|     <form action="/edit" method="post">
 >> 15|         <input class="form-control" type="hidden" value="{{data.id}}" name="id">
    16|         <h5>书名：</h5>
    17|         <input class="form-control" type="text" value="{{data.name}}" name="name">
    18|         <h5>作者：</h5>

RuntimeError: Cannot read properties of undefined (reading 'id')]
[2023-05-05T11:24:54.112] [ERROR] cheese - TypeError: safeRequest.EditData is not a function
    at E:\web\09.2011期nodejs-故渊老师\练习\图书管理案例\projects\controllers\indexContro.js:77:25
    at dispatch (E:\web\09.2011期nodejs-故渊老师\练习\图书管理案例\projects\node_modules\_koa-simple-router@0.2.0@koa-simple-router\index.js:186:18)
    at Router._lookup (E:\web\09.2011期nodejs-故渊老师\练习\图书管理案例\projects\node_modules\_koa-simple-router@0.2.0@koa-simple-router\index.js:198:12)
    at E:\web\09.2011期nodejs-故渊老师\练习\图书管理案例\projects\node_modules\_koa-simple-router@0.2.0@koa-simple-router\index.js:138:21
    at dispatch (E:\web\09.2011期nodejs-故渊老师\练习\图书管理案例\projects\node_modules\_koa-compose@4.1.0@koa-compose\index.js:42:32)
    at serve (E:\web\09.2011期nodejs-故渊老师\练习\图书管理案例\projects\node_modules\_koa-static@5.0.0@koa-static\index.js:53:15)
    at dispatch (E:\web\09.2011期nodejs-故渊老师\练习\图书管理案例\projects\node_modules\_koa-compose@4.1.0@koa-compose\index.js:42:32)
    at E:\web\09.2011期nodejs-故渊老师\练习\图书管理案例\projects\middlewares\index.js:14:23
    at dispatch (E:\web\09.2011期nodejs-故渊老师\练习\图书管理案例\projects\node_modules\_koa-compose@4.1.0@koa-compose\index.js:42:32)
    at E:\web\09.2011期nodejs-故渊老师\练习\图书管理案例\projects\middlewares\index.js:4:19
[2023-05-05T11:25:06.696] [ERROR] cheese - TypeError: safeRequest.EditData is not a function
    at E:\web\09.2011期nodejs-故渊老师\练习\图书管理案例\projects\controllers\indexContro.js:77:25
    at dispatch (E:\web\09.2011期nodejs-故渊老师\练习\图书管理案例\projects\node_modules\_koa-simple-router@0.2.0@koa-simple-router\index.js:186:18)
    at Router._lookup (E:\web\09.2011期nodejs-故渊老师\练习\图书管理案例\projects\node_modules\_koa-simple-router@0.2.0@koa-simple-router\index.js:198:12)
    at E:\web\09.2011期nodejs-故渊老师\练习\图书管理案例\projects\node_modules\_koa-simple-router@0.2.0@koa-simple-router\index.js:138:21
    at dispatch (E:\web\09.2011期nodejs-故渊老师\练习\图书管理案例\projects\node_modules\_koa-compose@4.1.0@koa-compose\index.js:42:32)
    at serve (E:\web\09.2011期nodejs-故渊老师\练习\图书管理案例\projects\node_modules\_koa-static@5.0.0@koa-static\index.js:53:15)
    at dispatch (E:\web\09.2011期nodejs-故渊老师\练习\图书管理案例\projects\node_modules\_koa-compose@4.1.0@koa-compose\index.js:42:32)
    at E:\web\09.2011期nodejs-故渊老师\练习\图书管理案例\projects\middlewares\index.js:14:23
    at dispatch (E:\web\09.2011期nodejs-故渊老师\练习\图书管理案例\projects\node_modules\_koa-compose@4.1.0@koa-compose\index.js:42:32)
    at E:\web\09.2011期nodejs-故渊老师\练习\图书管理案例\projects\middlewares\index.js:4:19
[2023-05-05T11:25:12.873] [ERROR] cheese - TypeError: safeRequest.EditData is not a function
    at E:\web\09.2011期nodejs-故渊老师\练习\图书管理案例\projects\controllers\indexContro.js:77:25
    at dispatch (E:\web\09.2011期nodejs-故渊老师\练习\图书管理案例\projects\node_modules\_koa-simple-router@0.2.0@koa-simple-router\index.js:186:18)
    at Router._lookup (E:\web\09.2011期nodejs-故渊老师\练习\图书管理案例\projects\node_modules\_koa-simple-router@0.2.0@koa-simple-router\index.js:198:12)
    at E:\web\09.2011期nodejs-故渊老师\练习\图书管理案例\projects\node_modules\_koa-simple-router@0.2.0@koa-simple-router\index.js:138:21
    at dispatch (E:\web\09.2011期nodejs-故渊老师\练习\图书管理案例\projects\node_modules\_koa-compose@4.1.0@koa-compose\index.js:42:32)
    at serve (E:\web\09.2011期nodejs-故渊老师\练习\图书管理案例\projects\node_modules\_koa-static@5.0.0@koa-static\index.js:53:15)
    at dispatch (E:\web\09.2011期nodejs-故渊老师\练习\图书管理案例\projects\node_modules\_koa-compose@4.1.0@koa-compose\index.js:42:32)
    at E:\web\09.2011期nodejs-故渊老师\练习\图书管理案例\projects\middlewares\index.js:14:23
    at dispatch (E:\web\09.2011期nodejs-故渊老师\练习\图书管理案例\projects\node_modules\_koa-compose@4.1.0@koa-compose\index.js:42:32)
    at E:\web\09.2011期nodejs-故渊老师\练习\图书管理案例\projects\middlewares\index.js:4:19
[2023-05-13T17:04:01.469] [ERROR] cheese - ClientError [BadRequestError]: Malicious Path
    at resolvePath (E:\web\09.2011期nodejs-故渊老师\练习\BFF\back_end\node_modules\_resolve-path@1.4.0@resolve-path\index.js:78:11)
    at send (E:\web\09.2011期nodejs-故渊老师\练习\BFF\back_end\node_modules\_koa-send@5.0.1@koa-send\index.js:81:10)
    at serve (E:\web\09.2011期nodejs-故渊老师\练习\BFF\back_end\node_modules\_koa-static@5.0.0@koa-static\index.js:44:24)
    at dispatch (E:\web\09.2011期nodejs-故渊老师\练习\BFF\back_end\node_modules\_koa-compose@4.1.0@koa-compose\index.js:42:32)
    at E:\web\09.2011期nodejs-故渊老师\练习\BFF\back_end\middlewares\index.js:14:23
    at dispatch (E:\web\09.2011期nodejs-故渊老师\练习\BFF\back_end\node_modules\_koa-compose@4.1.0@koa-compose\index.js:42:32)
    at E:\web\09.2011期nodejs-故渊老师\练习\BFF\back_end\middlewares\index.js:4:19
    at dispatch (E:\web\09.2011期nodejs-故渊老师\练习\BFF\back_end\node_modules\_koa-compose@4.1.0@koa-compose\index.js:42:32)
    at E:\web\09.2011期nodejs-故渊老师\练习\BFF\back_end\node_modules\_koa-body@6.0.1@koa-body\lib\index.js:115:16
    at dispatch (E:\web\09.2011期nodejs-故渊老师\练习\BFF\back_end\node_modules\_koa-compose@4.1.0@koa-compose\index.js:42:32)
[2023-05-13T17:05:39.929] [ERROR] cheese - ClientError [BadRequestError]: Malicious Path
    at resolvePath (E:\web\09.2011期nodejs-故渊老师\练习\BFF\back_end\node_modules\_resolve-path@1.4.0@resolve-path\index.js:78:11)
    at send (E:\web\09.2011期nodejs-故渊老师\练习\BFF\back_end\node_modules\_koa-send@5.0.1@koa-send\index.js:81:10)
    at serve (E:\web\09.2011期nodejs-故渊老师\练习\BFF\back_end\node_modules\_koa-static@5.0.0@koa-static\index.js:44:24)
    at dispatch (E:\web\09.2011期nodejs-故渊老师\练习\BFF\back_end\node_modules\_koa-compose@4.1.0@koa-compose\index.js:42:32)
    at E:\web\09.2011期nodejs-故渊老师\练习\BFF\back_end\middlewares\index.js:14:23
    at dispatch (E:\web\09.2011期nodejs-故渊老师\练习\BFF\back_end\node_modules\_koa-compose@4.1.0@koa-compose\index.js:42:32)
    at E:\web\09.2011期nodejs-故渊老师\练习\BFF\back_end\middlewares\index.js:4:19
    at dispatch (E:\web\09.2011期nodejs-故渊老师\练习\BFF\back_end\node_modules\_koa-compose@4.1.0@koa-compose\index.js:42:32)
    at E:\web\09.2011期nodejs-故渊老师\练习\BFF\back_end\node_modules\_koa-body@6.0.1@koa-body\lib\index.js:115:16
    at dispatch (E:\web\09.2011期nodejs-故渊老师\练习\BFF\back_end\node_modules\_koa-compose@4.1.0@koa-compose\index.js:42:32)
